0 info it worked if it ends with ok
1 verbose cli [ '/Users/anhdao/.nvm/versions/node/v7.5.0/bin/node',
1 verbose cli   '/Users/anhdao/.nvm/versions/node/v7.5.0/bin/npm',
1 verbose cli   'run',
1 verbose cli   'test' ]
2 info using npm@4.1.2
3 info using node@v7.5.0
4 verbose run-script [ 'pretest', 'test', 'posttest' ]
5 info lifecycle react-native-quickblox@0.0.1~pretest: react-native-quickblox@0.0.1
6 silly lifecycle react-native-quickblox@0.0.1~pretest: no script for pretest, continuing
7 info lifecycle react-native-quickblox@0.0.1~test: react-native-quickblox@0.0.1
8 verbose lifecycle react-native-quickblox@0.0.1~test: unsafe-perm in lifecycle true
9 verbose lifecycle react-native-quickblox@0.0.1~test: PATH: /Users/anhdao/.nvm/versions/node/v7.5.0/lib/node_modules/npm/bin/node-gyp-bin:/Users/anhdao/Documents/projects/datingapp-hybrid/react-native-quickblox/node_modules/.bin:/Users/anhdao/.rvm/gems/ruby-2.2.2/bin:/Users/anhdao/.rvm/gems/ruby-2.2.2@global/bin:/Users/anhdao/.rvm/rubies/ruby-2.2.2/bin:/Users/anhdao/Documents/tools/google-cloud-sdk/bin:/Users/anhdao/.nvm/versions/node/v7.5.0/bin:/Users/anhdao/Documents/tools/cx_0.1.40_darwin_amd64:/Users/anhdao/Library/Android/sdk/platform-tools:/usr/local/bin:/usr/bin:/bin:/usr/sbin:/sbin:/opt/X11/bin:/Users/anhdao/.rvm/bin
10 verbose lifecycle react-native-quickblox@0.0.1~test: CWD: /Users/anhdao/Documents/projects/datingapp-hybrid/react-native-quickblox
11 silly lifecycle react-native-quickblox@0.0.1~test: Args: [ '-c', 'mocha --reporter spec' ]
12 silly lifecycle react-native-quickblox@0.0.1~test: Returned: code: 1  signal: null
13 info lifecycle react-native-quickblox@0.0.1~test: Failed to exec test script
14 verbose stack Error: react-native-quickblox@0.0.1 test: `mocha --reporter spec`
14 verbose stack Exit status 1
14 verbose stack     at EventEmitter.<anonymous> (/Users/anhdao/.nvm/versions/node/v7.5.0/lib/node_modules/npm/lib/utils/lifecycle.js:279:16)
14 verbose stack     at emitTwo (events.js:106:13)
14 verbose stack     at EventEmitter.emit (events.js:192:7)
14 verbose stack     at ChildProcess.<anonymous> (/Users/anhdao/.nvm/versions/node/v7.5.0/lib/node_modules/npm/lib/utils/spawn.js:40:14)
14 verbose stack     at emitTwo (events.js:106:13)
14 verbose stack     at ChildProcess.emit (events.js:192:7)
14 verbose stack     at maybeClose (internal/child_process.js:890:16)
14 verbose stack     at Process.ChildProcess._handle.onexit (internal/child_process.js:226:5)
15 verbose pkgid react-native-quickblox@0.0.1
16 verbose cwd /Users/anhdao/Documents/projects/datingapp-hybrid/react-native-quickblox
17 error Darwin 16.4.0
18 error argv "/Users/anhdao/.nvm/versions/node/v7.5.0/bin/node" "/Users/anhdao/.nvm/versions/node/v7.5.0/bin/npm" "run" "test"
19 error node v7.5.0
20 error npm  v4.1.2
21 error code ELIFECYCLE
22 error react-native-quickblox@0.0.1 test: `mocha --reporter spec`
22 error Exit status 1
23 error Failed at the react-native-quickblox@0.0.1 test script 'mocha --reporter spec'.
23 error Make sure you have the latest version of node.js and npm installed.
23 error If you do, this is most likely a problem with the react-native-quickblox package,
23 error not with npm itself.
23 error Tell the author that this fails on your system:
23 error     mocha --reporter spec
23 error You can get information on how to open an issue for this project with:
23 error     npm bugs react-native-quickblox
23 error Or if that isn't available, you can get their info via:
23 error     npm owner ls react-native-quickblox
23 error There is likely additional logging output above.
24 verbose exit [ 1, true ]
